#0 building with "desktop-linux" instance using docker driver

#1 [internal] load build definition from Dockerfile
#1 transferring dockerfile: 249B 0.0s done
#1 DONE 0.0s

#2 [internal] load metadata for docker.io/library/python:3.11.7-bookworm
#2 ...

#3 [auth] library/python:pull token for registry-1.docker.io
#3 DONE 0.0s

#2 [internal] load metadata for docker.io/library/python:3.11.7-bookworm
#2 DONE 3.6s

#4 [internal] load .dockerignore
#4 transferring context: 2B done
#4 DONE 0.0s

#5 [1/5] FROM docker.io/library/python:3.11.7-bookworm@sha256:1620f0640a0e4a791022396a06173be18a9476d4d705e9962240bfcdd72147d8
#5 DONE 0.0s

#6 [2/5] WORKDIR /app
#6 CACHED

#7 [internal] load build context
#7 transferring context: 3.85kB 0.0s done
#7 DONE 0.0s

#8 [3/5] COPY requirements.txt requirements.txt
#8 DONE 0.0s

#9 [4/5] RUN pip3 install -r requirements.txt
#9 2.851 Collecting absl-py==2.1.0 (from -r requirements.txt (line 1))
#9 2.852   Obtaining dependency information for absl-py==2.1.0 from https://files.pythonhosted.org/packages/a2/ad/e0d3c824784ff121c03cc031f944bc7e139a8f1870ffd2845cc2dd76f6c4/absl_py-2.1.0-py3-none-any.whl.metadata
#9 3.200   Downloading absl_py-2.1.0-py3-none-any.whl.metadata (2.3 kB)
#9 3.318 Collecting aiosmtplib==2.0.2 (from -r requirements.txt (line 2))
#9 3.318   Obtaining dependency information for aiosmtplib==2.0.2 from https://files.pythonhosted.org/packages/66/be/6902c91523a5faedee22e260e17fc23521fd63b2fec46dd5e5fcda62da8f/aiosmtplib-2.0.2-py3-none-any.whl.metadata
#9 3.392   Downloading aiosmtplib-2.0.2-py3-none-any.whl.metadata (4.0 kB)
#9 3.499 Collecting annotated-types==0.6.0 (from -r requirements.txt (line 3))
#9 3.500   Obtaining dependency information for annotated-types==0.6.0 from https://files.pythonhosted.org/packages/28/78/d31230046e58c207284c6b2c4e8d96e6d3cb4e52354721b944d3e1ee4aa5/annotated_types-0.6.0-py3-none-any.whl.metadata
#9 3.574   Downloading annotated_types-0.6.0-py3-none-any.whl.metadata (12 kB)
#9 3.790 Collecting anyio==4.3.0 (from -r requirements.txt (line 4))
#9 3.790   Obtaining dependency information for anyio==4.3.0 from https://files.pythonhosted.org/packages/14/fd/2f20c40b45e4fb4324834aea24bd4afdf1143390242c0b33774da0e2e34f/anyio-4.3.0-py3-none-any.whl.metadata
#9 3.867   Downloading anyio-4.3.0-py3-none-any.whl.metadata (4.6 kB)
#9 3.988 Collecting Authlib==1.3.0 (from -r requirements.txt (line 5))
#9 3.988   Obtaining dependency information for Authlib==1.3.0 from https://files.pythonhosted.org/packages/25/65/b78eb948b71ab232d08b30c38a2e3b69e6e50c6e166863a0068c877155b9/Authlib-1.3.0-py2.py3-none-any.whl.metadata
#9 4.062   Downloading Authlib-1.3.0-py2.py3-none-any.whl.metadata (3.8 kB)
#9 4.302 Collecting bcrypt==4.1.2 (from -r requirements.txt (line 6))
#9 4.303   Obtaining dependency information for bcrypt==4.1.2 from https://files.pythonhosted.org/packages/b6/1b/1c1cf4efe142dfe6fab912c16766d3eab65b87f33f1d13a08238afce5fdf/bcrypt-4.1.2-cp39-abi3-manylinux_2_28_aarch64.whl.metadata
#9 4.375   Downloading bcrypt-4.1.2-cp39-abi3-manylinux_2_28_aarch64.whl.metadata (9.5 kB)
#9 4.627 Collecting blinker==1.7.0 (from -r requirements.txt (line 7))
#9 4.627   Obtaining dependency information for blinker==1.7.0 from https://files.pythonhosted.org/packages/fa/2a/7f3714cbc6356a0efec525ce7a0613d581072ed6eb53eb7b9754f33db807/blinker-1.7.0-py3-none-any.whl.metadata
#9 4.703   Downloading blinker-1.7.0-py3-none-any.whl.metadata (1.9 kB)
#9 4.810 Collecting CacheControl==0.14.0 (from -r requirements.txt (line 8))
#9 4.811   Obtaining dependency information for CacheControl==0.14.0 from https://files.pythonhosted.org/packages/a3/a9/7d331fec593a4b2953338df33e954aac6ff79eb5a073bca2783766bc7722/cachecontrol-0.14.0-py3-none-any.whl.metadata
#9 4.883   Downloading cachecontrol-0.14.0-py3-none-any.whl.metadata (3.1 kB)
#9 4.995 Collecting cachetools==5.3.3 (from -r requirements.txt (line 9))
#9 4.996   Obtaining dependency information for cachetools==5.3.3 from https://files.pythonhosted.org/packages/fb/2b/a64c2d25a37aeb921fddb929111413049fc5f8b9a4c1aefaffaafe768d54/cachetools-5.3.3-py3-none-any.whl.metadata
#9 5.068   Downloading cachetools-5.3.3-py3-none-any.whl.metadata (5.3 kB)
#9 5.325 Collecting certifi==2024.2.2 (from -r requirements.txt (line 10))
#9 5.325   Obtaining dependency information for certifi==2024.2.2 from https://files.pythonhosted.org/packages/ba/06/a07f096c664aeb9f01624f858c3add0a4e913d6c96257acb4fce61e7de14/certifi-2024.2.2-py3-none-any.whl.metadata
#9 5.399   Downloading certifi-2024.2.2-py3-none-any.whl.metadata (2.2 kB)
#9 5.756 Collecting cffi==1.16.0 (from -r requirements.txt (line 11))
#9 5.756   Obtaining dependency information for cffi==1.16.0 from https://files.pythonhosted.org/packages/b5/23/ea84dd4985649fcc179ba3a6c9390412e924d20b0244dc71a6545788f5a2/cffi-1.16.0-cp311-cp311-manylinux_2_17_aarch64.manylinux2014_aarch64.whl.metadata
#9 5.839   Downloading cffi-1.16.0-cp311-cp311-manylinux_2_17_aarch64.manylinux2014_aarch64.whl.metadata (1.5 kB)
#9 6.088 Collecting charset-normalizer==3.3.2 (from -r requirements.txt (line 12))
#9 6.089   Obtaining dependency information for charset-normalizer==3.3.2 from https://files.pythonhosted.org/packages/e4/a6/7ee57823d46331ddc37dd00749c95b0edec2c79b15fc0d6e6efb532e89ac/charset_normalizer-3.3.2-cp311-cp311-manylinux_2_17_aarch64.manylinux2014_aarch64.whl.metadata
#9 6.202   Downloading charset_normalizer-3.3.2-cp311-cp311-manylinux_2_17_aarch64.manylinux2014_aarch64.whl.metadata (33 kB)
#9 6.323 Collecting click==8.1.7 (from -r requirements.txt (line 13))
#9 6.323   Obtaining dependency information for click==8.1.7 from https://files.pythonhosted.org/packages/00/2e/d53fa4befbf2cfa713304affc7ca780ce4fc1fd8710527771b58311a3229/click-8.1.7-py3-none-any.whl.metadata
#9 6.396   Downloading click-8.1.7-py3-none-any.whl.metadata (3.0 kB)
#9 6.511 Collecting cloudinary==1.40.0 (from -r requirements.txt (line 14))
#9 6.597   Downloading cloudinary-1.40.0.tar.gz (177 kB)
#9 6.809      ━━━━━━━━━━━━━━━━━━━━━━━━━━━━━━━━━━━━━ 177.2/177.2 kB 815.7 kB/s eta 0:00:00
#9 6.846   Installing build dependencies: started
#9 9.683   Installing build dependencies: finished with status 'done'
#9 9.683   Getting requirements to build wheel: started
#9 9.897   Getting requirements to build wheel: finished with status 'done'
#9 9.899   Installing backend dependencies: started
#9 11.22   Installing backend dependencies: finished with status 'done'
#9 11.22   Preparing metadata (pyproject.toml): started
#9 11.43   Preparing metadata (pyproject.toml): finished with status 'done'
#9 11.52 Collecting colorama==0.4.6 (from -r requirements.txt (line 15))
#9 11.52   Obtaining dependency information for colorama==0.4.6 from https://files.pythonhosted.org/packages/d1/d6/3965ed04c63042e047cb6a3e6ed1a63a35087b6a609aa3a15ed8ac56c221/colorama-0.4.6-py2.py3-none-any.whl.metadata
#9 11.60   Downloading colorama-0.4.6-py2.py3-none-any.whl.metadata (17 kB)
#9 12.15 Collecting cryptography==42.0.5 (from -r requirements.txt (line 16))
#9 12.15   Obtaining dependency information for cryptography==42.0.5 from https://files.pythonhosted.org/packages/0e/1d/62a2324882c0db89f64358dadfb95cae024ee3ba9fde3d5fd4d2f58af9f5/cryptography-42.0.5-cp39-abi3-manylinux_2_28_aarch64.whl.metadata
#9 12.22   Downloading cryptography-42.0.5-cp39-abi3-manylinux_2_28_aarch64.whl.metadata (5.3 kB)
#9 12.38 Collecting dnspython==2.6.1 (from -r requirements.txt (line 17))
#9 12.38   Obtaining dependency information for dnspython==2.6.1 from https://files.pythonhosted.org/packages/87/a1/8c5287991ddb8d3e4662f71356d9656d91ab3a36618c3dd11b280df0d255/dnspython-2.6.1-py3-none-any.whl.metadata
#9 12.46   Downloading dnspython-2.6.1-py3-none-any.whl.metadata (5.8 kB)
#9 12.57 Collecting ecdsa==0.18.0 (from -r requirements.txt (line 18))
#9 12.57   Obtaining dependency information for ecdsa==0.18.0 from https://files.pythonhosted.org/packages/09/d4/4f05f5d16a4863b30ba96c23b23e942da8889abfa1cdbabf2a0df12a4532/ecdsa-0.18.0-py2.py3-none-any.whl.metadata
#9 12.68   Downloading ecdsa-0.18.0-py2.py3-none-any.whl.metadata (29 kB)
#9 12.86 Collecting email_validator==2.1.1 (from -r requirements.txt (line 19))
#9 12.86   Obtaining dependency information for email_validator==2.1.1 from https://files.pythonhosted.org/packages/e4/60/b02cb0f5ee0be88bd4fbfdd9cc91e43ec2dfcc47fe064e7c70587ff58a94/email_validator-2.1.1-py3-none-any.whl.metadata
#9 12.94   Downloading email_validator-2.1.1-py3-none-any.whl.metadata (26 kB)
#9 13.12 Collecting exceptiongroup==1.2.0 (from -r requirements.txt (line 20))
#9 13.12   Obtaining dependency information for exceptiongroup==1.2.0 from https://files.pythonhosted.org/packages/b8/9a/5028fd52db10e600f1c4674441b968cf2ea4959085bfb5b99fb1250e5f68/exceptiongroup-1.2.0-py3-none-any.whl.metadata
#9 13.20   Downloading exceptiongroup-1.2.0-py3-none-any.whl.metadata (6.6 kB)
#9 13.36 Collecting fastapi==0.110.0 (from -r requirements.txt (line 21))
#9 13.36   Obtaining dependency information for fastapi==0.110.0 from https://files.pythonhosted.org/packages/f0/f7/ea860cb8aa18e326f411e32ab537424690a53db20de6bad73d70da611fae/fastapi-0.110.0-py3-none-any.whl.metadata
#9 13.43   Downloading fastapi-0.110.0-py3-none-any.whl.metadata (25 kB)
#9 13.63 Collecting fastapi-mail==1.4.1 (from -r requirements.txt (line 22))
#9 13.63   Obtaining dependency information for fastapi-mail==1.4.1 from https://files.pythonhosted.org/packages/89/a3/c94fac41f430dd1a5586061aed04c5f1f6478b488a581d0b7c0b7c95ea76/fastapi_mail-1.4.1-py3-none-any.whl.metadata
#9 13.70   Downloading fastapi_mail-1.4.1-py3-none-any.whl.metadata (4.7 kB)
#9 13.89 Collecting filelock==3.13.3 (from -r requirements.txt (line 23))
#9 13.89   Obtaining dependency information for filelock==3.13.3 from https://files.pythonhosted.org/packages/8b/69/acdf492db27dea7be5c63053230130e0574fd8a376de3555d5f8bbc3d3ad/filelock-3.13.3-py3-none-any.whl.metadata
#9 13.96   Downloading filelock-3.13.3-py3-none-any.whl.metadata (2.8 kB)
#9 14.07 Collecting firebase-admin==6.5.0 (from -r requirements.txt (line 24))
#9 14.07   Obtaining dependency information for firebase-admin==6.5.0 from https://files.pythonhosted.org/packages/8a/68/ef35057415342fc14bdc5f7fc999d417de5a4efd25e1352d4df8e40cb628/firebase_admin-6.5.0-py3-none-any.whl.metadata
#9 14.15   Downloading firebase_admin-6.5.0-py3-none-any.whl.metadata (1.5 kB)
#9 14.32 Collecting gcloud==0.18.3 (from -r requirements.txt (line 25))
#9 14.40   Downloading gcloud-0.18.3.tar.gz (454 kB)
#9 14.55      ━━━━━━━━━━━━━━━━━━━━━━━━━━━━━━━━━━━━━━━ 454.4/454.4 kB 3.0 MB/s eta 0:00:00
#9 14.62   Preparing metadata (setup.py): started
#9 15.06   Preparing metadata (setup.py): finished with status 'done'
#9 15.49 Collecting google-api-core==2.18.0 (from -r requirements.txt (line 26))
#9 15.49   Obtaining dependency information for google-api-core==2.18.0 from https://files.pythonhosted.org/packages/86/75/59a3ad90d9b4ff5b3e0537611dbe885aeb96124521c9d35aa079f1e0f2c9/google_api_core-2.18.0-py3-none-any.whl.metadata
#9 15.57   Downloading google_api_core-2.18.0-py3-none-any.whl.metadata (2.7 kB)
#9 16.02 Collecting google-api-python-client==2.123.0 (from -r requirements.txt (line 27))
#9 16.02   Obtaining dependency information for google-api-python-client==2.123.0 from https://files.pythonhosted.org/packages/82/b7/da94eb1338dcc5e6ab08ca22cf7d2395b0d8d957c211a04ff0d74acf23ef/google_api_python_client-2.123.0-py2.py3-none-any.whl.metadata
#9 16.09   Downloading google_api_python_client-2.123.0-py2.py3-none-any.whl.metadata (6.6 kB)
#9 16.47 Collecting google-auth==2.29.0 (from -r requirements.txt (line 28))
#9 16.47   Obtaining dependency information for google-auth==2.29.0 from https://files.pythonhosted.org/packages/9e/8d/ddbcf81ec751d8ee5fd18ac11ff38a0e110f39dfbf105e6d9db69d556dd0/google_auth-2.29.0-py2.py3-none-any.whl.metadata
#9 16.54   Downloading google_auth-2.29.0-py2.py3-none-any.whl.metadata (4.7 kB)
#9 16.71 Collecting google-auth-httplib2==0.2.0 (from -r requirements.txt (line 29))
#9 16.71   Obtaining dependency information for google-auth-httplib2==0.2.0 from https://files.pythonhosted.org/packages/be/8a/fe34d2f3f9470a27b01c9e76226965863f153d5fbe276f83608562e49c04/google_auth_httplib2-0.2.0-py2.py3-none-any.whl.metadata
#9 16.78   Downloading google_auth_httplib2-0.2.0-py2.py3-none-any.whl.metadata (2.2 kB)
#9 16.95 Collecting google-cloud-core==2.4.1 (from -r requirements.txt (line 30))
#9 16.95   Obtaining dependency information for google-cloud-core==2.4.1 from https://files.pythonhosted.org/packages/5e/0f/2e2061e3fbcb9d535d5da3f58cc8de4947df1786fe6a1355960feb05a681/google_cloud_core-2.4.1-py2.py3-none-any.whl.metadata
#9 17.02   Downloading google_cloud_core-2.4.1-py2.py3-none-any.whl.metadata (2.7 kB)
#9 17.21 Collecting google-cloud-firestore==2.15.0 (from -r requirements.txt (line 31))
#9 17.21   Obtaining dependency information for google-cloud-firestore==2.15.0 from https://files.pythonhosted.org/packages/35/db/fb1b12db558da47364ad6f5f784fc6c60e232c64c002b994486d29afc936/google_cloud_firestore-2.15.0-py2.py3-none-any.whl.metadata
#9 17.28   Downloading google_cloud_firestore-2.15.0-py2.py3-none-any.whl.metadata (5.6 kB)
#9 17.56 Collecting google-cloud-storage==2.16.0 (from -r requirements.txt (line 32))
#9 17.56   Obtaining dependency information for google-cloud-storage==2.16.0 from https://files.pythonhosted.org/packages/cb/e5/7d045d188f4ef85d94b9e3ae1bf876170c6b9f4c9a950124978efc36f680/google_cloud_storage-2.16.0-py2.py3-none-any.whl.metadata
#9 17.64   Downloading google_cloud_storage-2.16.0-py2.py3-none-any.whl.metadata (6.1 kB)
#9 17.95 Collecting google-crc32c==1.5.0 (from -r requirements.txt (line 33))
#9 17.95   Obtaining dependency information for google-crc32c==1.5.0 from https://files.pythonhosted.org/packages/fc/76/3ef124b893aa280e45e95d2346160f1d1d5c0ffc89d3f6e446c83116fb91/google_crc32c-1.5.0-cp311-cp311-manylinux_2_17_aarch64.manylinux2014_aarch64.whl.metadata
#9 18.03   Downloading google_crc32c-1.5.0-cp311-cp311-manylinux_2_17_aarch64.manylinux2014_aarch64.whl.metadata (2.3 kB)
#9 18.21 Collecting google-resumable-media==2.7.0 (from -r requirements.txt (line 34))
#9 18.21   Obtaining dependency information for google-resumable-media==2.7.0 from https://files.pythonhosted.org/packages/b2/c6/1202ef64a9336d846f713107dac1c7a0b016cb3840ca3d5615c7005a23d1/google_resumable_media-2.7.0-py2.py3-none-any.whl.metadata
#9 18.28   Downloading google_resumable_media-2.7.0-py2.py3-none-any.whl.metadata (2.2 kB)
#9 18.47 Collecting googleapis-common-protos==1.63.0 (from -r requirements.txt (line 35))
#9 18.47   Obtaining dependency information for googleapis-common-protos==1.63.0 from https://files.pythonhosted.org/packages/dc/a6/12a0c976140511d8bc8a16ad15793b2aef29ac927baa0786ccb7ddbb6e1c/googleapis_common_protos-1.63.0-py2.py3-none-any.whl.metadata
#9 18.55   Downloading googleapis_common_protos-1.63.0-py2.py3-none-any.whl.metadata (1.5 kB)
#9 19.21 Collecting greenlet==3.0.3 (from -r requirements.txt (line 36))
#9 19.21   Obtaining dependency information for greenlet==3.0.3 from https://files.pythonhosted.org/packages/21/b4/90e06e07c78513ab03855768200bdb35c8e764e805b3f14fb488e56f82dc/greenlet-3.0.3-cp311-cp311-manylinux_2_17_aarch64.manylinux2014_aarch64.whl.metadata
#9 19.28   Downloading greenlet-3.0.3-cp311-cp311-manylinux_2_17_aarch64.manylinux2014_aarch64.whl.metadata (3.8 kB)
#9 20.64 Collecting grpcio==1.62.1 (from -r requirements.txt (line 37))
#9 20.64   Obtaining dependency information for grpcio==1.62.1 from https://files.pythonhosted.org/packages/ca/33/08e4a256b447d2c144f86faf2c04559acd6a22ee3fe13d664577ba0d7128/grpcio-1.62.1-cp311-cp311-manylinux_2_17_aarch64.whl.metadata
#9 20.72   Downloading grpcio-1.62.1-cp311-cp311-manylinux_2_17_aarch64.whl.metadata (4.0 kB)
#9 20.83 Collecting grpcio-status==1.62.1 (from -r requirements.txt (line 38))
#9 20.83   Obtaining dependency information for grpcio-status==1.62.1 from https://files.pythonhosted.org/packages/09/49/52e46bcea1c7b07b87982e4f7ea8657c8679f1591c4eafc75f84549939ae/grpcio_status-1.62.1-py3-none-any.whl.metadata
#9 20.90   Downloading grpcio_status-1.62.1-py3-none-any.whl.metadata (1.3 kB)
#9 21.07 Collecting h11==0.14.0 (from -r requirements.txt (line 39))
#9 21.07   Obtaining dependency information for h11==0.14.0 from https://files.pythonhosted.org/packages/95/04/ff642e65ad6b90db43e668d70ffb6736436c7ce41fcc549f4e9472234127/h11-0.14.0-py3-none-any.whl.metadata
#9 21.15   Downloading h11-0.14.0-py3-none-any.whl.metadata (8.2 kB)
#9 21.34 Collecting httpcore==1.0.4 (from -r requirements.txt (line 40))
#9 21.34   Obtaining dependency information for httpcore==1.0.4 from https://files.pythonhosted.org/packages/2c/93/13f25f2f78646bab97aee7680821e30bd85b2ff0fc45d5fdf5393b79716d/httpcore-1.0.4-py3-none-any.whl.metadata
#9 21.42   Downloading httpcore-1.0.4-py3-none-any.whl.metadata (20 kB)
#9 21.60 Collecting httplib2==0.22.0 (from -r requirements.txt (line 41))
#9 21.60   Obtaining dependency information for httplib2==0.22.0 from https://files.pythonhosted.org/packages/a8/6c/d2fbdaaa5959339d53ba38e94c123e4e84b8fbc4b84beb0e70d7c1608486/httplib2-0.22.0-py3-none-any.whl.metadata
#9 21.68   Downloading httplib2-0.22.0-py3-none-any.whl.metadata (2.6 kB)
#9 21.89 Collecting httptools==0.6.1 (from -r requirements.txt (line 42))
#9 21.89   Obtaining dependency information for httptools==0.6.1 from https://files.pythonhosted.org/packages/76/7a/45c5a9a2e9d21f7381866eb7b6ead5a84d8fe7e54e35208eeb18320a29b4/httptools-0.6.1-cp311-cp311-manylinux_2_17_aarch64.manylinux2014_aarch64.whl.metadata
#9 21.96   Downloading httptools-0.6.1-cp311-cp311-manylinux_2_17_aarch64.manylinux2014_aarch64.whl.metadata (3.6 kB)
#9 22.09 Collecting httpx==0.27.0 (from -r requirements.txt (line 43))
#9 22.09   Obtaining dependency information for httpx==0.27.0 from https://files.pythonhosted.org/packages/41/7b/ddacf6dcebb42466abd03f368782142baa82e08fc0c1f8eaa05b4bae87d5/httpx-0.27.0-py3-none-any.whl.metadata
#9 22.16   Downloading httpx-0.27.0-py3-none-any.whl.metadata (7.2 kB)
#9 22.39 Collecting idna==3.6 (from -r requirements.txt (line 44))
#9 22.39   Obtaining dependency information for idna==3.6 from https://files.pythonhosted.org/packages/c2/e7/a82b05cf63a603df6e68d59ae6a68bf5064484a0718ea5033660af4b54a9/idna-3.6-py3-none-any.whl.metadata
#9 22.46   Downloading idna-3.6-py3-none-any.whl.metadata (9.9 kB)
#9 22.56 Collecting immutabledict==4.2.0 (from -r requirements.txt (line 45))
#9 22.56   Obtaining dependency information for immutabledict==4.2.0 from https://files.pythonhosted.org/packages/e2/13/3cf4ac5b3403f3456e645c4533883ef67b1bb0c72e56b79c707715f57a74/immutabledict-4.2.0-py3-none-any.whl.metadata
#9 22.64   Downloading immutabledict-4.2.0-py3-none-any.whl.metadata (3.4 kB)
#9 22.81 Collecting itsdangerous==2.1.2 (from -r requirements.txt (line 46))
#9 22.81   Obtaining dependency information for itsdangerous==2.1.2 from https://files.pythonhosted.org/packages/68/5f/447e04e828f47465eeab35b5d408b7ebaaaee207f48b7136c5a7267a30ae/itsdangerous-2.1.2-py3-none-any.whl.metadata
#9 22.88   Downloading itsdangerous-2.1.2-py3-none-any.whl.metadata (2.9 kB)
#9 23.08 Collecting Jinja2==3.1.3 (from -r requirements.txt (line 47))
#9 23.08   Obtaining dependency information for Jinja2==3.1.3 from https://files.pythonhosted.org/packages/30/6d/6de6be2d02603ab56e72997708809e8a5b0fbfee080735109b40a3564843/Jinja2-3.1.3-py3-none-any.whl.metadata
#9 23.15   Downloading Jinja2-3.1.3-py3-none-any.whl.metadata (3.3 kB)
#9 23.28 Collecting jwcrypto==1.5.6 (from -r requirements.txt (line 48))
#9 23.28   Obtaining dependency information for jwcrypto==1.5.6 from https://files.pythonhosted.org/packages/cd/58/4a1880ea64032185e9ae9f63940c9327c6952d5584ea544a8f66972f2fda/jwcrypto-1.5.6-py3-none-any.whl.metadata
#9 23.36   Downloading jwcrypto-1.5.6-py3-none-any.whl.metadata (3.1 kB)
#9 23.77 Collecting MarkupSafe==2.1.5 (from -r requirements.txt (line 49))
#9 23.77   Obtaining dependency information for MarkupSafe==2.1.5 from https://files.pythonhosted.org/packages/1c/cf/35fe557e53709e93feb65575c93927942087e9b97213eabc3fe9d5b25a55/MarkupSafe-2.1.5-cp311-cp311-manylinux_2_17_aarch64.manylinux2014_aarch64.whl.metadata
#9 23.84   Downloading MarkupSafe-2.1.5-cp311-cp311-manylinux_2_17_aarch64.manylinux2014_aarch64.whl.metadata (3.0 kB)
#9 24.02 Collecting motor==2.5.1 (from -r requirements.txt (line 50))
#9 24.02   Obtaining dependency information for motor==2.5.1 from https://files.pythonhosted.org/packages/ce/95/84c414596d902251fe295fa6c7062df85cdfb17eaf234f83264a44d0900a/motor-2.5.1-py3-none-any.whl.metadata
#9 24.09   Downloading motor-2.5.1-py3-none-any.whl.metadata (5.8 kB)
#9 24.53 Collecting msgpack==1.0.8 (from -r requirements.txt (line 51))
#9 24.53   Obtaining dependency information for msgpack==1.0.8 from https://files.pythonhosted.org/packages/1a/01/01a88f7971c68037dab4be2737b50e00557bbdaf179ab988803c736043ed/msgpack-1.0.8-cp311-cp311-manylinux_2_17_aarch64.manylinux2014_aarch64.whl.metadata
#9 24.60   Downloading msgpack-1.0.8-cp311-cp311-manylinux_2_17_aarch64.manylinux2014_aarch64.whl.metadata (9.1 kB)
#9 25.29 Collecting numpy==1.26.4 (from -r requirements.txt (line 52))
#9 25.29   Obtaining dependency information for numpy==1.26.4 from https://files.pythonhosted.org/packages/79/ae/7e5b85136806f9dadf4878bf73cf223fe5c2636818ba3ab1c585d0403164/numpy-1.26.4-cp311-cp311-manylinux_2_17_aarch64.manylinux2014_aarch64.whl.metadata
#9 25.37   Downloading numpy-1.26.4-cp311-cp311-manylinux_2_17_aarch64.manylinux2014_aarch64.whl.metadata (62 kB)
#9 25.38      ━━━━━━━━━━━━━━━━━━━━━━━━━━━━━━━━━━━━━━━━ 62.3/62.3 kB 10.4 MB/s eta 0:00:00
#9 25.55 Collecting oauth2client==4.1.3 (from -r requirements.txt (line 53))
#9 25.55   Obtaining dependency information for oauth2client==4.1.3 from https://files.pythonhosted.org/packages/95/a9/4f25a14d23f0786b64875b91784607c2277eff25d48f915e39ff0cff505a/oauth2client-4.1.3-py2.py3-none-any.whl.metadata
#9 25.62   Downloading oauth2client-4.1.3-py2.py3-none-any.whl.metadata (1.2 kB)
#9 26.39 Collecting orjson==3.9.15 (from -r requirements.txt (line 54))
#9 26.39   Obtaining dependency information for orjson==3.9.15 from https://files.pythonhosted.org/packages/7c/ac/c4b0dcb62508f49f1a1d41ef9dd60a4e6124edd04a3221a29d2e876ddff6/orjson-3.9.15-cp311-cp311-manylinux_2_17_aarch64.manylinux2014_aarch64.whl.metadata
#9 26.47   Downloading orjson-3.9.15-cp311-cp311-manylinux_2_17_aarch64.manylinux2014_aarch64.whl.metadata (49 kB)
#9 26.48      ━━━━━━━━━━━━━━━━━━━━━━━━━━━━━━━━━━━━━━━━ 49.5/49.5 kB 5.6 MB/s eta 0:00:00
#9 26.63 Collecting ortools==9.9.3963 (from -r requirements.txt (line 55))
#9 26.63   Obtaining dependency information for ortools==9.9.3963 from https://files.pythonhosted.org/packages/d9/e4/52d155a76155737856a8e49ce6086324e03616adb01bb62725adac342526/ortools-9.9.3963-cp311-cp311-manylinux_2_17_aarch64.manylinux2014_aarch64.whl.metadata
#9 26.71   Downloading ortools-9.9.3963-cp311-cp311-manylinux_2_17_aarch64.manylinux2014_aarch64.whl.metadata (2.9 kB)
#9 27.08 Collecting pandas==2.2.1 (from -r requirements.txt (line 56))
#9 27.08   Obtaining dependency information for pandas==2.2.1 from https://files.pythonhosted.org/packages/91/bf/8c57707e440f944ba2cf3d6f6ae6c29883fac20fbe5d2ad485229149f273/pandas-2.2.1-cp311-cp311-manylinux_2_17_aarch64.manylinux2014_aarch64.whl.metadata
#9 27.15   Downloading pandas-2.2.1-cp311-cp311-manylinux_2_17_aarch64.manylinux2014_aarch64.whl.metadata (19 kB)
#9 27.24 Collecting passlib==1.7.4 (from -r requirements.txt (line 57))
#9 27.24   Obtaining dependency information for passlib==1.7.4 from https://files.pythonhosted.org/packages/3b/a4/ab6b7589382ca3df236e03faa71deac88cae040af60c071a78d254a62172/passlib-1.7.4-py2.py3-none-any.whl.metadata
#9 27.31   Downloading passlib-1.7.4-py2.py3-none-any.whl.metadata (1.7 kB)
#9 27.43 Collecting proto-plus==1.23.0 (from -r requirements.txt (line 58))
#9 27.43   Obtaining dependency information for proto-plus==1.23.0 from https://files.pythonhosted.org/packages/ad/41/7361075f3a31dcd05a6a38cfd807a6eecbfb6dbfe420d922cd400fc03ac1/proto_plus-1.23.0-py3-none-any.whl.metadata
#9 27.51   Downloading proto_plus-1.23.0-py3-none-any.whl.metadata (2.2 kB)
#9 27.97 Collecting protobuf==4.25.3 (from -r requirements.txt (line 59))
#9 27.97   Obtaining dependency information for protobuf==4.25.3 from https://files.pythonhosted.org/packages/d8/82/aefe901174b5a618daee511ddd00342193c1b545e3cd6a2cd6df9ba452b5/protobuf-4.25.3-cp37-abi3-manylinux2014_aarch64.whl.metadata
#9 28.04   Downloading protobuf-4.25.3-cp37-abi3-manylinux2014_aarch64.whl.metadata (541 bytes)
#9 28.27 Collecting psycopg2-binary==2.9.9 (from -r requirements.txt (line 60))
#9 28.27   Obtaining dependency information for psycopg2-binary==2.9.9 from https://files.pythonhosted.org/packages/81/0b/3adf561107c865928455891156d1dde5325253f7f4316fe56cd2c3f73570/psycopg2_binary-2.9.9-cp311-cp311-manylinux_2_17_aarch64.manylinux2014_aarch64.whl.metadata
#9 28.34   Downloading psycopg2_binary-2.9.9-cp311-cp311-manylinux_2_17_aarch64.manylinux2014_aarch64.whl.metadata (4.4 kB)
#9 28.43 Collecting py3-validate-email==1.0.5.post1 (from -r requirements.txt (line 61))
#9 28.50   Downloading py3-validate-email-1.0.5.post1.tar.gz (18 kB)
#9 28.59   Preparing metadata (setup.py): started
#9 28.85   Preparing metadata (setup.py): finished with status 'done'
#9 28.99 Collecting pyasn1==0.5.1 (from -r requirements.txt (line 62))
#9 28.99   Obtaining dependency information for pyasn1==0.5.1 from https://files.pythonhosted.org/packages/d1/75/4686d2872bf2fc0b37917cbc8bbf0dd3a5cdb0990799be1b9cbf1e1eb733/pyasn1-0.5.1-py2.py3-none-any.whl.metadata
#9 29.07   Downloading pyasn1-0.5.1-py2.py3-none-any.whl.metadata (8.6 kB)
#9 29.32 Collecting pyasn1-modules==0.3.0 (from -r requirements.txt (line 63))
#9 29.32   Obtaining dependency information for pyasn1-modules==0.3.0 from https://files.pythonhosted.org/packages/cd/8e/bea464350e1b8c6ed0da3a312659cb648804a08af6cacc6435867f74f8bd/pyasn1_modules-0.3.0-py2.py3-none-any.whl.metadata
#9 29.40   Downloading pyasn1_modules-0.3.0-py2.py3-none-any.whl.metadata (3.6 kB)
#9 29.51 Collecting pycparser==2.21 (from -r requirements.txt (line 64))
#9 29.51   Obtaining dependency information for pycparser==2.21 from https://files.pythonhosted.org/packages/62/d5/5f610ebe421e85889f2e55e33b7f9a6795bd982198517d912eb1c76e1a53/pycparser-2.21-py2.py3-none-any.whl.metadata
#9 29.58   Downloading pycparser-2.21-py2.py3-none-any.whl.metadata (1.1 kB)
#9 29.94 Collecting pycryptodome==3.20.0 (from -r requirements.txt (line 65))
#9 29.94   Obtaining dependency information for pycryptodome==3.20.0 from https://files.pythonhosted.org/packages/ea/94/82ebfa5c83d980907ceebf79b00909a569d258bdfd9b0264d621fa752cfd/pycryptodome-3.20.0-cp35-abi3-manylinux_2_17_aarch64.manylinux2014_aarch64.whl.metadata
#9 30.01   Downloading pycryptodome-3.20.0-cp35-abi3-manylinux_2_17_aarch64.manylinux2014_aarch64.whl.metadata (3.4 kB)
#9 30.48 Collecting pydantic==2.6.4 (from -r requirements.txt (line 66))
#9 30.48   Obtaining dependency information for pydantic==2.6.4 from https://files.pythonhosted.org/packages/e5/f3/8296f550276194a58c5500d55b19a27ae0a5a3a51ffef66710c58544b32d/pydantic-2.6.4-py3-none-any.whl.metadata
#9 30.57   Downloading pydantic-2.6.4-py3-none-any.whl.metadata (85 kB)
#9 30.58      ━━━━━━━━━━━━━━━━━━━━━━━━━━━━━━━━━━━━━━━━ 85.1/85.1 kB 5.1 MB/s eta 0:00:00
#9 30.76 Collecting pydantic-extra-types==2.6.0 (from -r requirements.txt (line 67))
#9 30.76   Obtaining dependency information for pydantic-extra-types==2.6.0 from https://files.pythonhosted.org/packages/ce/1a/01022dfb43fdd74328e3ef7ac2922b9c03961bbc5bce985563d941e1bba7/pydantic_extra_types-2.6.0-py3-none-any.whl.metadata
#9 30.84   Downloading pydantic_extra_types-2.6.0-py3-none-any.whl.metadata (2.7 kB)
#9 31.02 Collecting pydantic-settings==2.2.1 (from -r requirements.txt (line 68))
#9 31.02   Obtaining dependency information for pydantic-settings==2.2.1 from https://files.pythonhosted.org/packages/99/ee/24ec87e3a91426497c5a2b9880662d19cfd640342d477334ebc60fc2c276/pydantic_settings-2.2.1-py3-none-any.whl.metadata
#9 31.09   Downloading pydantic_settings-2.2.1-py3-none-any.whl.metadata (3.1 kB)
#9 32.29 Collecting pydantic_core==2.16.3 (from -r requirements.txt (line 69))
#9 32.30   Obtaining dependency information for pydantic_core==2.16.3 from https://files.pythonhosted.org/packages/d7/ce/666885ab07e5184825b081095071297057b77c9dccd62616bf5b85a26365/pydantic_core-2.16.3-cp311-cp311-manylinux_2_17_aarch64.manylinux2014_aarch64.whl.metadata
#9 32.37   Downloading pydantic_core-2.16.3-cp311-cp311-manylinux_2_17_aarch64.manylinux2014_aarch64.whl.metadata (6.5 kB)
#9 32.46 Collecting PyJWT==2.8.0 (from -r requirements.txt (line 70))
#9 32.46   Obtaining dependency information for PyJWT==2.8.0 from https://files.pythonhosted.org/packages/2b/4f/e04a8067c7c96c364cef7ef73906504e2f40d690811c021e1a1901473a19/PyJWT-2.8.0-py3-none-any.whl.metadata
#9 32.54   Downloading PyJWT-2.8.0-py3-none-any.whl.metadata (4.2 kB)
#9 33.38 Collecting pymongo==3.13.0 (from -r requirements.txt (line 71))
#9 33.38   Obtaining dependency information for pymongo==3.13.0 from https://files.pythonhosted.org/packages/b0/93/fd1f114c1613fa12b7fc74ee6606adb9eebb0865f0b7ac956be9f55c43d6/pymongo-3.13.0-cp311-cp311-manylinux_2_17_aarch64.manylinux2014_aarch64.whl.metadata
#9 33.45   Downloading pymongo-3.13.0-cp311-cp311-manylinux_2_17_aarch64.manylinux2014_aarch64.whl.metadata (9.7 kB)
#9 33.63 Collecting pyparsing==3.1.2 (from -r requirements.txt (line 72))
#9 33.63   Obtaining dependency information for pyparsing==3.1.2 from https://files.pythonhosted.org/packages/9d/ea/6d76df31432a0e6fdf81681a895f009a4bb47b3c39036db3e1b528191d52/pyparsing-3.1.2-py3-none-any.whl.metadata
#9 33.71   Downloading pyparsing-3.1.2-py3-none-any.whl.metadata (5.1 kB)
#9 33.81 Collecting Pyrebase4==4.7.1 (from -r requirements.txt (line 73))
#9 33.81   Obtaining dependency information for Pyrebase4==4.7.1 from https://files.pythonhosted.org/packages/65/a3/4dca9507da1fea959274ced1222b729b8c64ef36c2822beee6315ef90567/Pyrebase4-4.7.1-py3-none-any.whl.metadata
#9 33.88   Downloading Pyrebase4-4.7.1-py3-none-any.whl.metadata (684 bytes)
#9 34.05 Collecting python-dateutil==2.9.0.post0 (from -r requirements.txt (line 74))
#9 34.05   Obtaining dependency information for python-dateutil==2.9.0.post0 from https://files.pythonhosted.org/packages/ec/57/56b9bcc3c9c6a792fcbaf139543cee77261f3651ca9da0c93f5c1221264b/python_dateutil-2.9.0.post0-py2.py3-none-any.whl.metadata
#9 34.12   Downloading python_dateutil-2.9.0.post0-py2.py3-none-any.whl.metadata (8.4 kB)
#9 34.36 Collecting python-dotenv==1.0.1 (from -r requirements.txt (line 75))
#9 34.37   Obtaining dependency information for python-dotenv==1.0.1 from https://files.pythonhosted.org/packages/6a/3e/b68c118422ec867fa7ab88444e1274aa40681c606d59ac27de5a5588f082/python_dotenv-1.0.1-py3-none-any.whl.metadata
#9 34.44   Downloading python_dotenv-1.0.1-py3-none-any.whl.metadata (23 kB)
#9 34.60 Collecting python-jose==3.3.0 (from -r requirements.txt (line 76))
#9 34.60   Obtaining dependency information for python-jose==3.3.0 from https://files.pythonhosted.org/packages/bd/2d/e94b2f7bab6773c70efc70a61d66e312e1febccd9e0db6b9e0adf58cbad1/python_jose-3.3.0-py2.py3-none-any.whl.metadata
#9 34.67   Downloading python_jose-3.3.0-py2.py3-none-any.whl.metadata (5.4 kB)
#9 34.86 Collecting python-jwt==4.1.0 (from -r requirements.txt (line 77))
#9 34.86   Obtaining dependency information for python-jwt==4.1.0 from https://files.pythonhosted.org/packages/18/b8/4c404573791c4ead576d9d98f2749d41f3c61ce293cf07f7960232ec9b74/python_jwt-4.1.0-py2.py3-none-any.whl.metadata
#9 34.95   Downloading python_jwt-4.1.0-py2.py3-none-any.whl.metadata (5.6 kB)
#9 35.09 Collecting python-multipart==0.0.9 (from -r requirements.txt (line 78))
#9 35.09   Obtaining dependency information for python-multipart==0.0.9 from https://files.pythonhosted.org/packages/3d/47/444768600d9e0ebc82f8e347775d24aef8f6348cf00e9fa0e81910814e6d/python_multipart-0.0.9-py3-none-any.whl.metadata
#9 35.17   Downloading python_multipart-0.0.9-py3-none-any.whl.metadata (2.5 kB)
#9 35.37 Collecting pytz==2024.1 (from -r requirements.txt (line 79))
#9 35.38   Obtaining dependency information for pytz==2024.1 from https://files.pythonhosted.org/packages/9c/3d/a121f284241f08268b21359bd425f7d4825cffc5ac5cd0e1b3d82ffd2b10/pytz-2024.1-py2.py3-none-any.whl.metadata
#9 35.45   Downloading pytz-2024.1-py2.py3-none-any.whl.metadata (22 kB)
#9 35.60 Collecting PyYAML==6.0.1 (from -r requirements.txt (line 80))
#9 35.60   Obtaining dependency information for PyYAML==6.0.1 from https://files.pythonhosted.org/packages/5e/94/7d5ee059dfb92ca9e62f4057dcdec9ac08a9e42679644854dc01177f8145/PyYAML-6.0.1-cp311-cp311-manylinux_2_17_aarch64.manylinux2014_aarch64.whl.metadata
#9 35.67   Downloading PyYAML-6.0.1-cp311-cp311-manylinux_2_17_aarch64.manylinux2014_aarch64.whl.metadata (2.1 kB)
#9 35.79 Collecting requests==2.29.0 (from -r requirements.txt (line 81))
#9 35.79   Obtaining dependency information for requests==2.29.0 from https://files.pythonhosted.org/packages/cf/e1/2aa539876d9ed0ddc95882451deb57cfd7aa8dbf0b8dbce68e045549ba56/requests-2.29.0-py3-none-any.whl.metadata
#9 35.86   Downloading requests-2.29.0-py3-none-any.whl.metadata (4.6 kB)
#9 36.02 Collecting requests-toolbelt==0.10.1 (from -r requirements.txt (line 82))
#9 36.03   Obtaining dependency information for requests-toolbelt==0.10.1 from https://files.pythonhosted.org/packages/05/d3/bf87a36bff1cb88fd30a509fd366c70ec30676517ee791b2f77e0e29817a/requests_toolbelt-0.10.1-py2.py3-none-any.whl.metadata
#9 36.10   Downloading requests_toolbelt-0.10.1-py2.py3-none-any.whl.metadata (14 kB)
#9 36.30 Collecting rfc3986==1.5.0 (from -r requirements.txt (line 83))
#9 36.30   Obtaining dependency information for rfc3986==1.5.0 from https://files.pythonhosted.org/packages/c4/e5/63ca2c4edf4e00657584608bee1001302bbf8c5f569340b78304f2f446cb/rfc3986-1.5.0-py2.py3-none-any.whl.metadata
#9 36.38   Downloading rfc3986-1.5.0-py2.py3-none-any.whl.metadata (6.5 kB)
#9 36.63 Collecting rsa==4.9 (from -r requirements.txt (line 84))
#9 36.63   Obtaining dependency information for rsa==4.9 from https://files.pythonhosted.org/packages/49/97/fa78e3d2f65c02c8e1268b9aba606569fe97f6c8f7c2d74394553347c145/rsa-4.9-py3-none-any.whl.metadata
#9 36.70   Downloading rsa-4.9-py3-none-any.whl.metadata (4.2 kB)
#9 36.97 Collecting six==1.16.0 (from -r requirements.txt (line 85))
#9 36.97   Obtaining dependency information for six==1.16.0 from https://files.pythonhosted.org/packages/d9/5a/e7c31adbe875f2abbb91bd84cf2dc52d792b5a01506781dbcf25c91daf11/six-1.16.0-py2.py3-none-any.whl.metadata
#9 37.04   Downloading six-1.16.0-py2.py3-none-any.whl.metadata (1.8 kB)
#9 37.16 Collecting sniffio==1.3.1 (from -r requirements.txt (line 86))
#9 37.16   Obtaining dependency information for sniffio==1.3.1 from https://files.pythonhosted.org/packages/e9/44/75a9c9421471a6c4805dbf2356f7c181a29c1879239abab1ea2cc8f38b40/sniffio-1.3.1-py3-none-any.whl.metadata
#9 37.24   Downloading sniffio-1.3.1-py3-none-any.whl.metadata (3.9 kB)
#9 39.19 Collecting SQLAlchemy==2.0.28 (from -r requirements.txt (line 87))
#9 39.19   Obtaining dependency information for SQLAlchemy==2.0.28 from https://files.pythonhosted.org/packages/be/12/a547b84f3917663a81f272170320161331fece49b207105aede3bf192385/SQLAlchemy-2.0.28-cp311-cp311-manylinux_2_17_aarch64.manylinux2014_aarch64.whl.metadata
#9 39.26   Downloading SQLAlchemy-2.0.28-cp311-cp311-manylinux_2_17_aarch64.manylinux2014_aarch64.whl.metadata (9.6 kB)
#9 39.45 Collecting starlette==0.36.3 (from -r requirements.txt (line 88))
#9 39.45   Obtaining dependency information for starlette==0.36.3 from https://files.pythonhosted.org/packages/eb/f7/372e3953b6e6fbfe0b70a1bb52612eae16e943f4288516480860fcd4ac41/starlette-0.36.3-py3-none-any.whl.metadata
#9 39.53   Downloading starlette-0.36.3-py3-none-any.whl.metadata (5.9 kB)
#9 39.78 Collecting typing_extensions==4.10.0 (from -r requirements.txt (line 89))
#9 39.78   Obtaining dependency information for typing_extensions==4.10.0 from https://files.pythonhosted.org/packages/f9/de/dc04a3ea60b22624b51c703a84bbe0184abcd1d0b9bc8074b5d6b7ab90bb/typing_extensions-4.10.0-py3-none-any.whl.metadata
#9 39.86   Downloading typing_extensions-4.10.0-py3-none-any.whl.metadata (3.0 kB)
#9 39.97 Collecting tzdata==2024.1 (from -r requirements.txt (line 90))
#9 39.97   Obtaining dependency information for tzdata==2024.1 from https://files.pythonhosted.org/packages/65/58/f9c9e6be752e9fcb8b6a0ee9fb87e6e7a1f6bcab2cdc73f02bb7ba91ada0/tzdata-2024.1-py2.py3-none-any.whl.metadata
#9 40.05   Downloading tzdata-2024.1-py2.py3-none-any.whl.metadata (1.4 kB)
#9 40.41 Collecting ujson==5.9.0 (from -r requirements.txt (line 91))
#9 40.41   Obtaining dependency information for ujson==5.9.0 from https://files.pythonhosted.org/packages/19/f3/1431713de9e5992e5e33ba459b4de28f83904233958855d27da820a101f9/ujson-5.9.0-cp311-cp311-manylinux_2_17_aarch64.manylinux2014_aarch64.whl.metadata
#9 40.49   Downloading ujson-5.9.0-cp311-cp311-manylinux_2_17_aarch64.manylinux2014_aarch64.whl.metadata (8.7 kB)
#9 40.58 Collecting uritemplate==4.1.1 (from -r requirements.txt (line 92))
#9 40.58   Obtaining dependency information for uritemplate==4.1.1 from https://files.pythonhosted.org/packages/81/c0/7461b49cd25aeece13766f02ee576d1db528f1c37ce69aee300e075b485b/uritemplate-4.1.1-py2.py3-none-any.whl.metadata
#9 40.65   Downloading uritemplate-4.1.1-py2.py3-none-any.whl.metadata (2.9 kB)
#9 40.80 Collecting urllib3==1.26.18 (from -r requirements.txt (line 93))
#9 40.80   Obtaining dependency information for urllib3==1.26.18 from https://files.pythonhosted.org/packages/b0/53/aa91e163dcfd1e5b82d8a890ecf13314e3e149c05270cc644581f77f17fd/urllib3-1.26.18-py2.py3-none-any.whl.metadata
#9 40.87   Downloading urllib3-1.26.18-py2.py3-none-any.whl.metadata (48 kB)
#9 40.95      ━━━━━━━━━━━━━━━━━━━━━━━━━━━━━━━━━━━━━━━ 48.9/48.9 kB 542.7 kB/s eta 0:00:00
#9 41.11 Collecting uvicorn==0.29.0 (from -r requirements.txt (line 94))
#9 41.11   Obtaining dependency information for uvicorn==0.29.0 from https://files.pythonhosted.org/packages/73/f5/cbb16fcbe277c1e0b8b3ddd188f2df0e0947f545c49119b589643632d156/uvicorn-0.29.0-py3-none-any.whl.metadata
#9 41.19   Downloading uvicorn-0.29.0-py3-none-any.whl.metadata (6.3 kB)
#9 41.40 Collecting watchfiles==0.21.0 (from -r requirements.txt (line 95))
#9 41.40   Obtaining dependency information for watchfiles==0.21.0 from https://files.pythonhosted.org/packages/0e/cf/126f0a8683f326d190c3539a769e45e747a80a5fcbf797de82e738c946ae/watchfiles-0.21.0-cp311-cp311-manylinux_2_17_aarch64.manylinux2014_aarch64.whl.metadata
#9 41.48   Downloading watchfiles-0.21.0-cp311-cp311-manylinux_2_17_aarch64.manylinux2014_aarch64.whl.metadata (4.9 kB)
#9 41.83 Collecting websockets==12.0 (from -r requirements.txt (line 96))
#9 41.83   Obtaining dependency information for websockets==12.0 from https://files.pythonhosted.org/packages/6e/a4/51a25e591d645df71ee0dc3a2c880b28e5514c00ce752f98a40a87abcd1e/websockets-12.0-cp311-cp311-manylinux_2_17_aarch64.manylinux2014_aarch64.whl.metadata
#9 41.91   Downloading websockets-12.0-cp311-cp311-manylinux_2_17_aarch64.manylinux2014_aarch64.whl.metadata (6.6 kB)
#9 42.25 Collecting google-api-core[grpc]<3.0.0dev,>=1.22.1 (from firebase-admin==6.5.0->-r requirements.txt (line 24))
#9 42.25   Obtaining dependency information for google-api-core[grpc]<3.0.0dev,>=1.22.1 from https://files.pythonhosted.org/packages/2d/ed/e514e0c59cdf1a469b1a1ab21b77698d0692adaa7cbc920c3a0b287e8493/google_api_core-2.19.0-py3-none-any.whl.metadata
#9 42.32   Downloading google_api_core-2.19.0-py3-none-any.whl.metadata (2.7 kB)
#9 43.61 INFO: pip is looking at multiple versions of google-api-core[grpc] to determine which version is compatible with other requirements. This could take a while.
#9 43.74 Downloading absl_py-2.1.0-py3-none-any.whl (133 kB)
#9 43.82    ━━━━━━━━━━━━━━━━━━━━━━━━━━━━━━━━━━━━━━━━ 133.7/133.7 kB 1.7 MB/s eta 0:00:00
#9 43.89 Downloading aiosmtplib-2.0.2-py3-none-any.whl (27 kB)
#9 44.11 Downloading annotated_types-0.6.0-py3-none-any.whl (12 kB)
#9 44.20 Downloading anyio-4.3.0-py3-none-any.whl (85 kB)
#9 44.21    ━━━━━━━━━━━━━━━━━━━━━━━━━━━━━━━━━━━━━━━━ 85.6/85.6 kB 11.0 MB/s eta 0:00:00
#9 44.29 Downloading Authlib-1.3.0-py2.py3-none-any.whl (223 kB)
#9 44.37    ━━━━━━━━━━━━━━━━━━━━━━━━━━━━━━━━━━━━━━━━ 223.7/223.7 kB 2.7 MB/s eta 0:00:00
#9 44.45 Downloading bcrypt-4.1.2-cp39-abi3-manylinux_2_28_aarch64.whl (695 kB)
#9 44.61    ━━━━━━━━━━━━━━━━━━━━━━━━━━━━━━━━━━━━━━━━ 695.8/695.8 kB 4.5 MB/s eta 0:00:00
#9 44.69 Downloading blinker-1.7.0-py3-none-any.whl (13 kB)
#9 44.84 Downloading cachecontrol-0.14.0-py3-none-any.whl (22 kB)
#9 44.98 Downloading cachetools-5.3.3-py3-none-any.whl (9.3 kB)
#9 45.06 Downloading certifi-2024.2.2-py3-none-any.whl (163 kB)
#9 45.14    ━━━━━━━━━━━━━━━━━━━━━━━━━━━━━━━━━━━━━━━━ 163.8/163.8 kB 2.1 MB/s eta 0:00:00
#9 45.22 Downloading cffi-1.16.0-cp311-cp311-manylinux_2_17_aarch64.manylinux2014_aarch64.whl (466 kB)
#9 45.29    ━━━━━━━━━━━━━━━━━━━━━━━━━━━━━━━━━━━━━━━━ 466.6/466.6 kB 6.5 MB/s eta 0:00:00
#9 45.36 Downloading charset_normalizer-3.3.2-cp311-cp311-manylinux_2_17_aarch64.manylinux2014_aarch64.whl (136 kB)
#9 45.44    ━━━━━━━━━━━━━━━━━━━━━━━━━━━━━━━━━━━━━━━━ 136.6/136.6 kB 1.9 MB/s eta 0:00:00
#9 45.51 Downloading click-8.1.7-py3-none-any.whl (97 kB)
#9 45.56    ━━━━━━━━━━━━━━━━━━━━━━━━━━━━━━━━━━━━━━━━ 97.9/97.9 kB 2.0 MB/s eta 0:00:00
#9 45.63 Downloading colorama-0.4.6-py2.py3-none-any.whl (25 kB)
#9 45.72 Downloading cryptography-42.0.5-cp39-abi3-manylinux_2_28_aarch64.whl (4.4 MB)
#9 47.39    ━━━━━━━━━━━━━━━━━━━━━━━━━━━━━━━━━━━━━━━━ 4.4/4.4 MB 2.6 MB/s eta 0:00:00
#9 47.46 Downloading dnspython-2.6.1-py3-none-any.whl (307 kB)
#9 47.55    ━━━━━━━━━━━━━━━━━━━━━━━━━━━━━━━━━━━━━━━━ 307.7/307.7 kB 3.4 MB/s eta 0:00:00
#9 47.69 Downloading ecdsa-0.18.0-py2.py3-none-any.whl (142 kB)
#9 47.73    ━━━━━━━━━━━━━━━━━━━━━━━━━━━━━━━━━━━━━━━━ 142.9/142.9 kB 3.6 MB/s eta 0:00:00
#9 47.81 Downloading email_validator-2.1.1-py3-none-any.whl (30 kB)
#9 47.96 Downloading exceptiongroup-1.2.0-py3-none-any.whl (16 kB)
#9 48.11 Downloading fastapi-0.110.0-py3-none-any.whl (92 kB)
#9 48.13    ━━━━━━━━━━━━━━━━━━━━━━━━━━━━━━━━━━━━━━━━ 92.1/92.1 kB 3.9 MB/s eta 0:00:00
#9 48.21 Downloading fastapi_mail-1.4.1-py3-none-any.whl (14 kB)
#9 48.29 Downloading filelock-3.13.3-py3-none-any.whl (11 kB)
#9 48.37 Downloading firebase_admin-6.5.0-py3-none-any.whl (126 kB)
#9 48.47    ━━━━━━━━━━━━━━━━━━━━━━━━━━━━━━━━━━━━━━━━ 126.3/126.3 kB 1.3 MB/s eta 0:00:00
#9 48.55 Downloading google_api_core-2.18.0-py3-none-any.whl (138 kB)
#9 48.60    ━━━━━━━━━━━━━━━━━━━━━━━━━━━━━━━━━━━━━━━━ 138.3/138.3 kB 2.6 MB/s eta 0:00:00
#9 48.68 Downloading google_api_python_client-2.123.0-py2.py3-none-any.whl (12.4 MB)
#9 52.26    ━━━━━━━━━━━━━━━━━━━━━━━━━━━━━━━━━━━━━━━━ 12.4/12.4 MB 3.5 MB/s eta 0:00:00
#9 52.33 Downloading google_auth-2.29.0-py2.py3-none-any.whl (189 kB)
#9 52.39    ━━━━━━━━━━━━━━━━━━━━━━━━━━━━━━━━━━━━━━━━ 189.2/189.2 kB 3.2 MB/s eta 0:00:00
#9 52.47 Downloading google_auth_httplib2-0.2.0-py2.py3-none-any.whl (9.3 kB)
#9 52.55 Downloading google_cloud_core-2.4.1-py2.py3-none-any.whl (29 kB)
#9 52.70 Downloading google_cloud_firestore-2.15.0-py2.py3-none-any.whl (295 kB)
#9 52.80    ━━━━━━━━━━━━━━━━━━━━━━━━━━━━━━━━━━━━━━━━ 295.7/295.7 kB 3.1 MB/s eta 0:00:00
#9 52.87 Downloading google_cloud_storage-2.16.0-py2.py3-none-any.whl (125 kB)
#9 52.91    ━━━━━━━━━━━━━━━━━━━━━━━━━━━━━━━━━━━━━━━━ 125.6/125.6 kB 5.0 MB/s eta 0:00:00
#9 52.99 Downloading google_crc32c-1.5.0-cp311-cp311-manylinux_2_17_aarch64.manylinux2014_aarch64.whl (32 kB)
#9 53.14 Downloading google_resumable_media-2.7.0-py2.py3-none-any.whl (80 kB)
#9 53.17    ━━━━━━━━━━━━━━━━━━━━━━━━━━━━━━━━━━━━━━━━ 80.6/80.6 kB 2.9 MB/s eta 0:00:00
#9 53.25 Downloading googleapis_common_protos-1.63.0-py2.py3-none-any.whl (229 kB)
#9 53.32    ━━━━━━━━━━━━━━━━━━━━━━━━━━━━━━━━━━━━━━━━ 229.1/229.1 kB 3.5 MB/s eta 0:00:00
#9 53.40 Downloading greenlet-3.0.3-cp311-cp311-manylinux_2_17_aarch64.manylinux2014_aarch64.whl (657 kB)
#9 53.60    ━━━━━━━━━━━━━━━━━━━━━━━━━━━━━━━━━━━━━━━━ 657.7/657.7 kB 3.3 MB/s eta 0:00:00
#9 53.68 Downloading grpcio-1.62.1-cp311-cp311-manylinux_2_17_aarch64.whl (5.3 MB)
#9 55.33    ━━━━━━━━━━━━━━━━━━━━━━━━━━━━━━━━━━━━━━━━ 5.3/5.3 MB 3.2 MB/s eta 0:00:00
#9 55.41 Downloading grpcio_status-1.62.1-py3-none-any.whl (14 kB)
#9 55.55 Downloading h11-0.14.0-py3-none-any.whl (58 kB)
#9 55.63    ━━━━━━━━━━━━━━━━━━━━━━━━━━━━━━━━━━━━━━━━ 58.3/58.3 kB 674.9 kB/s eta 0:00:00
#9 55.71 Downloading httpcore-1.0.4-py3-none-any.whl (77 kB)
#9 55.78    ━━━━━━━━━━━━━━━━━━━━━━━━━━━━━━━━━━━━━━━━ 77.8/77.8 kB 996.9 kB/s eta 0:00:00
#9 55.85 Downloading httplib2-0.22.0-py3-none-any.whl (96 kB)
#9 56.08    ━━━━━━━━━━━━━━━━━━━━━━━━━━━━━━━━━━━━━━━━ 96.9/96.9 kB 3.1 MB/s eta 0:00:00
#9 56.16 Downloading httptools-0.6.1-cp311-cp311-manylinux_2_17_aarch64.manylinux2014_aarch64.whl (324 kB)
#9 56.26    ━━━━━━━━━━━━━━━━━━━━━━━━━━━━━━━━━━━━━━━━ 324.8/324.8 kB 3.6 MB/s eta 0:00:00
#9 56.33 Downloading httpx-0.27.0-py3-none-any.whl (75 kB)
#9 56.40    ━━━━━━━━━━━━━━━━━━━━━━━━━━━━━━━━━━━━━━━━ 75.6/75.6 kB 1.0 MB/s eta 0:00:00
#9 56.48 Downloading idna-3.6-py3-none-any.whl (61 kB)
#9 56.50    ━━━━━━━━━━━━━━━━━━━━━━━━━━━━━━━━━━━━━━━━ 61.6/61.6 kB 3.0 MB/s eta 0:00:00
#9 56.57 Downloading immutabledict-4.2.0-py3-none-any.whl (4.7 kB)
#9 56.65 Downloading itsdangerous-2.1.2-py3-none-any.whl (15 kB)
#9 56.74 Downloading Jinja2-3.1.3-py3-none-any.whl (133 kB)
#9 56.78    ━━━━━━━━━━━━━━━━━━━━━━━━━━━━━━━━━━━━━━━━ 133.2/133.2 kB 3.4 MB/s eta 0:00:00
#9 56.86 Downloading jwcrypto-1.5.6-py3-none-any.whl (92 kB)
#9 56.93    ━━━━━━━━━━━━━━━━━━━━━━━━━━━━━━━━━━━━━━━━ 92.5/92.5 kB 1.2 MB/s eta 0:00:00
#9 57.01 Downloading MarkupSafe-2.1.5-cp311-cp311-manylinux_2_17_aarch64.manylinux2014_aarch64.whl (29 kB)
#9 57.10 Downloading motor-2.5.1-py3-none-any.whl (55 kB)
#9 57.12    ━━━━━━━━━━━━━━━━━━━━━━━━━━━━━━━━━━━━━━━━ 55.1/55.1 kB 3.4 MB/s eta 0:00:00
#9 57.23 Downloading msgpack-1.0.8-cp311-cp311-manylinux_2_17_aarch64.manylinux2014_aarch64.whl (400 kB)
#9 57.38    ━━━━━━━━━━━━━━━━━━━━━━━━━━━━━━━━━━━━━━━━ 400.8/400.8 kB 2.9 MB/s eta 0:00:00
#9 57.46 Downloading numpy-1.26.4-cp311-cp311-manylinux_2_17_aarch64.manylinux2014_aarch64.whl (14.2 MB)
#9 61.91    ━━━━━━━━━━━━━━━━━━━━━━━━━━━━━━━━━━━━━━━━ 14.2/14.2 MB 3.1 MB/s eta 0:00:00
#9 61.98 Downloading oauth2client-4.1.3-py2.py3-none-any.whl (98 kB)
#9 62.09    ━━━━━━━━━━━━━━━━━━━━━━━━━━━━━━━━━━━━━━━━ 98.2/98.2 kB 858.4 kB/s eta 0:00:00
#9 62.17 Downloading orjson-3.9.15-cp311-cp311-manylinux_2_17_aarch64.manylinux2014_aarch64.whl (144 kB)
#9 62.29    ━━━━━━━━━━━━━━━━━━━━━━━━━━━━━━━━━━━━━━━━ 144.4/144.4 kB 1.1 MB/s eta 0:00:00
#9 62.39 Downloading ortools-9.9.3963-cp311-cp311-manylinux_2_17_aarch64.manylinux2014_aarch64.whl (23.3 MB)
#9 71.62    ━━━━━━━━━━━━━━━━━━━━━━━━━━━━━━━━━━━━━━━━ 23.3/23.3 MB 3.0 MB/s eta 0:00:00
#9 71.70 Downloading pandas-2.2.1-cp311-cp311-manylinux_2_17_aarch64.manylinux2014_aarch64.whl (15.6 MB)
#9 76.48    ━━━━━━━━━━━━━━━━━━━━━━━━━━━━━━━━━━━━━━━━ 15.6/15.6 MB 3.3 MB/s eta 0:00:00
#9 76.55 Downloading passlib-1.7.4-py2.py3-none-any.whl (525 kB)
#9 76.74    ━━━━━━━━━━━━━━━━━━━━━━━━━━━━━━━━━━━━━━━━ 525.6/525.6 kB 2.8 MB/s eta 0:00:00
#9 76.82 Downloading proto_plus-1.23.0-py3-none-any.whl (48 kB)
#9 76.84    ━━━━━━━━━━━━━━━━━━━━━━━━━━━━━━━━━━━━━━━━ 48.8/48.8 kB 2.3 MB/s eta 0:00:00
#9 76.92 Downloading protobuf-4.25.3-cp37-abi3-manylinux2014_aarch64.whl (293 kB)
#9 77.02    ━━━━━━━━━━━━━━━━━━━━━━━━━━━━━━━━━━━━━━━━ 293.7/293.7 kB 3.2 MB/s eta 0:00:00
#9 77.10 Downloading psycopg2_binary-2.9.9-cp311-cp311-manylinux_2_17_aarch64.manylinux2014_aarch64.whl (2.9 MB)
#9 77.82    ━━━━━━━━━━━━━━━━━━━━━━━━━━━━━━━━━━━━━━━━ 2.9/2.9 MB 4.0 MB/s eta 0:00:00
#9 77.90 Downloading pyasn1-0.5.1-py2.py3-none-any.whl (84 kB)
#9 77.97    ━━━━━━━━━━━━━━━━━━━━━━━━━━━━━━━━━━━━━━━━ 84.9/84.9 kB 1.1 MB/s eta 0:00:00
#9 78.05 Downloading pyasn1_modules-0.3.0-py2.py3-none-any.whl (181 kB)
#9 78.13    ━━━━━━━━━━━━━━━━━━━━━━━━━━━━━━━━━━━━━━━━ 181.3/181.3 kB 2.4 MB/s eta 0:00:00
#9 78.21 Downloading pycparser-2.21-py2.py3-none-any.whl (118 kB)
#9 78.30    ━━━━━━━━━━━━━━━━━━━━━━━━━━━━━━━━━━━━━━━━ 118.7/118.7 kB 1.4 MB/s eta 0:00:00
#9 78.37 Downloading pycryptodome-3.20.0-cp35-abi3-manylinux_2_17_aarch64.manylinux2014_aarch64.whl (2.1 MB)
#9 78.77    ━━━━━━━━━━━━━━━━━━━━━━━━━━━━━━━━━━━━━━━━ 2.1/2.1 MB 5.2 MB/s eta 0:00:00
#9 78.93 Downloading pydantic-2.6.4-py3-none-any.whl (394 kB)
#9 79.01    ━━━━━━━━━━━━━━━━━━━━━━━━━━━━━━━━━━━━━━━━ 394.9/394.9 kB 5.4 MB/s eta 0:00:00
#9 79.09 Downloading pydantic_extra_types-2.6.0-py3-none-any.whl (24 kB)
#9 79.24 Downloading pydantic_settings-2.2.1-py3-none-any.whl (13 kB)
#9 79.34 Downloading pydantic_core-2.16.3-cp311-cp311-manylinux_2_17_aarch64.manylinux2014_aarch64.whl (1.9 MB)
#9 79.68    ━━━━━━━━━━━━━━━━━━━━━━━━━━━━━━━━━━━━━━━━ 1.9/1.9 MB 5.7 MB/s eta 0:00:00
#9 79.75 Downloading PyJWT-2.8.0-py3-none-any.whl (22 kB)
#9 79.89 Downloading pymongo-3.13.0-cp311-cp311-manylinux_2_17_aarch64.manylinux2014_aarch64.whl (518 kB)
#9 79.98    ━━━━━━━━━━━━━━━━━━━━━━━━━━━━━━━━━━━━━━━━ 518.6/518.6 kB 6.0 MB/s eta 0:00:00
#9 80.06 Downloading pyparsing-3.1.2-py3-none-any.whl (103 kB)
#9 80.22    ━━━━━━━━━━━━━━━━━━━━━━━━━━━━━━━━━━━━━━━ 103.2/103.2 kB 602.2 kB/s eta 0:00:00
#9 80.29 Downloading Pyrebase4-4.7.1-py3-none-any.whl (9.2 kB)
#9 80.37 Downloading python_dateutil-2.9.0.post0-py2.py3-none-any.whl (229 kB)
#9 80.55    ━━━━━━━━━━━━━━━━━━━━━━━━━━━━━━━━━━━━━━━━ 229.9/229.9 kB 1.2 MB/s eta 0:00:00
#9 80.63 Downloading python_dotenv-1.0.1-py3-none-any.whl (19 kB)
#9 80.78 Downloading python_jose-3.3.0-py2.py3-none-any.whl (33 kB)
#9 80.93 Downloading python_jwt-4.1.0-py2.py3-none-any.whl (7.1 kB)
#9 81.07 Downloading python_multipart-0.0.9-py3-none-any.whl (22 kB)
#9 81.16 Downloading pytz-2024.1-py2.py3-none-any.whl (505 kB)
#9 81.25    ━━━━━━━━━━━━━━━━━━━━━━━━━━━━━━━━━━━━━━━━ 505.5/505.5 kB 5.8 MB/s eta 0:00:00
#9 81.33 Downloading PyYAML-6.0.1-cp311-cp311-manylinux_2_17_aarch64.manylinux2014_aarch64.whl (732 kB)
#9 81.44    ━━━━━━━━━━━━━━━━━━━━━━━━━━━━━━━━━━━━━━━━ 732.2/732.2 kB 6.7 MB/s eta 0:00:00
#9 81.52 Downloading requests-2.29.0-py3-none-any.whl (62 kB)
#9 81.53    ━━━━━━━━━━━━━━━━━━━━━━━━━━━━━━━━━━━━━━━━ 62.5/62.5 kB 6.7 MB/s eta 0:00:00
#9 81.60 Downloading requests_toolbelt-0.10.1-py2.py3-none-any.whl (54 kB)
#9 81.68    ━━━━━━━━━━━━━━━━━━━━━━━━━━━━━━━━━━━━━━━━ 54.5/54.5 kB 631.1 kB/s eta 0:00:00
#9 81.76 Downloading rfc3986-1.5.0-py2.py3-none-any.whl (31 kB)
#9 81.90 Downloading rsa-4.9-py3-none-any.whl (34 kB)
#9 81.98 Downloading six-1.16.0-py2.py3-none-any.whl (11 kB)
#9 82.07 Downloading sniffio-1.3.1-py3-none-any.whl (10 kB)
#9 82.25 Downloading SQLAlchemy-2.0.28-cp311-cp311-manylinux_2_17_aarch64.manylinux2014_aarch64.whl (3.2 MB)
#9 83.02    ━━━━━━━━━━━━━━━━━━━━━━━━━━━━━━━━━━━━━━━━ 3.2/3.2 MB 4.2 MB/s eta 0:00:00
#9 83.09 Downloading starlette-0.36.3-py3-none-any.whl (71 kB)
#9 83.10    ━━━━━━━━━━━━━━━━━━━━━━━━━━━━━━━━━━━━━━━━ 71.5/71.5 kB 7.4 MB/s eta 0:00:00
#9 83.18 Downloading typing_extensions-4.10.0-py3-none-any.whl (33 kB)
#9 83.26 Downloading tzdata-2024.1-py2.py3-none-any.whl (345 kB)
#9 83.32    ━━━━━━━━━━━━━━━━━━━━━━━━━━━━━━━━━━━━━━━━ 345.4/345.4 kB 6.0 MB/s eta 0:00:00
#9 83.40 Downloading ujson-5.9.0-cp311-cp311-manylinux_2_17_aarch64.manylinux2014_aarch64.whl (51 kB)
#9 83.47    ━━━━━━━━━━━━━━━━━━━━━━━━━━━━━━━━━━━━━━━━ 51.7/51.7 kB 631.4 kB/s eta 0:00:00
#9 83.54 Downloading uritemplate-4.1.1-py2.py3-none-any.whl (10 kB)
#9 83.62 Downloading urllib3-1.26.18-py2.py3-none-any.whl (143 kB)
#9 83.64    ━━━━━━━━━━━━━━━━━━━━━━━━━━━━━━━━━━━━━━━━ 143.8/143.8 kB 8.3 MB/s eta 0:00:00
#9 83.72 Downloading uvicorn-0.29.0-py3-none-any.whl (60 kB)
#9 83.73    ━━━━━━━━━━━━━━━━━━━━━━━━━━━━━━━━━━━━━━━━ 60.8/60.8 kB 10.0 MB/s eta 0:00:00
#9 83.80 Downloading watchfiles-0.21.0-cp311-cp311-manylinux_2_17_aarch64.manylinux2014_aarch64.whl (1.3 MB)
#9 84.01    ━━━━━━━━━━━━━━━━━━━━━━━━━━━━━━━━━━━━━━━━ 1.3/1.3 MB 6.7 MB/s eta 0:00:00
#9 84.08 Downloading websockets-12.0-cp311-cp311-manylinux_2_17_aarch64.manylinux2014_aarch64.whl (131 kB)
#9 84.10    ━━━━━━━━━━━━━━━━━━━━━━━━━━━━━━━━━━━━━━━━ 131.5/131.5 kB 7.0 MB/s eta 0:00:00
#9 84.31 Building wheels for collected packages: cloudinary, gcloud, py3-validate-email
#9 84.31   Building wheel for cloudinary (pyproject.toml): started
#9 84.64   Building wheel for cloudinary (pyproject.toml): finished with status 'done'
#9 84.64   Created wheel for cloudinary: filename=cloudinary-1.40.0-py3-none-any.whl size=139624 sha256=be81ae37b14421bc70510b5e89439ad3e61127b4dd6f79f4ff2f7e6eb5ac2174
#9 84.64   Stored in directory: /root/.cache/pip/wheels/f0/f1/93/d8e71830ef7695f347e97f56a3b3a9a4330de1d768aa4b85f1
#9 84.64   Building wheel for gcloud (setup.py): started
#9 85.09   Building wheel for gcloud (setup.py): finished with status 'done'
#9 85.09   Created wheel for gcloud: filename=gcloud-0.18.3-py3-none-any.whl size=602927 sha256=759c9716f14883958d8737402e071b7dc33a732cc9ed52a3a727a784d85ce9dd
#9 85.09   Stored in directory: /root/.cache/pip/wheels/3c/e8/d1/cb82a63f69083ea485de71d14248b8d145f1af46a41578be9c
#9 85.09   Building wheel for py3-validate-email (setup.py): started
#9 86.20   Building wheel for py3-validate-email (setup.py): finished with status 'done'
#9 86.20   Created wheel for py3-validate-email: filename=py3_validate_email-1.0.5.post1-py3-none-any.whl size=35615 sha256=9eb09e1154b4f3d563a2af953492d8eae29eda618ef6d0955117317cee8841dd
#9 86.20   Stored in directory: /root/.cache/pip/wheels/2f/33/28/0131d5a4c5c65608da50b590b34b21fd6a31f361b2b287a520
#9 86.21 Successfully built cloudinary gcloud py3-validate-email
#9 86.54 Installing collected packages: rfc3986, pytz, passlib, websockets, urllib3, uritemplate, ujson, tzdata, typing_extensions, sniffio, six, PyYAML, python-multipart, python-dotenv, pyparsing, pymongo, PyJWT, pycryptodome, pycparser, pyasn1, psycopg2-binary, protobuf, orjson, numpy, msgpack, MarkupSafe, itsdangerous, immutabledict, idna, httptools, h11, grpcio, greenlet, google-crc32c, filelock, exceptiongroup, dnspython, colorama, click, charset-normalizer, certifi, cachetools, blinker, bcrypt, annotated-types, aiosmtplib, absl-py, uvicorn, SQLAlchemy, rsa, requests, python-dateutil, pydantic_core, pyasn1-modules, py3-validate-email, proto-plus, motor, Jinja2, httplib2, httpcore, googleapis-common-protos, google-resumable-media, email_validator, ecdsa, cloudinary, cffi, anyio, watchfiles, starlette, requests-toolbelt, python-jose, pydantic, pandas, oauth2client, httpx, grpcio-status, google-auth, cryptography, CacheControl, pydantic-settings, pydantic-extra-types, ortools, jwcrypto, google-auth-httplib2, google-api-core, gcloud, fastapi, Authlib, python-jwt, google-cloud-core, google-api-python-client, fastapi-mail, Pyrebase4, google-cloud-storage, google-cloud-firestore, firebase-admin
#9 101.5 Successfully installed Authlib-1.3.0 CacheControl-0.14.0 Jinja2-3.1.3 MarkupSafe-2.1.5 PyJWT-2.8.0 PyYAML-6.0.1 Pyrebase4-4.7.1 SQLAlchemy-2.0.28 absl-py-2.1.0 aiosmtplib-2.0.2 annotated-types-0.6.0 anyio-4.3.0 bcrypt-4.1.2 blinker-1.7.0 cachetools-5.3.3 certifi-2024.2.2 cffi-1.16.0 charset-normalizer-3.3.2 click-8.1.7 cloudinary-1.40.0 colorama-0.4.6 cryptography-42.0.5 dnspython-2.6.1 ecdsa-0.18.0 email_validator-2.1.1 exceptiongroup-1.2.0 fastapi-0.110.0 fastapi-mail-1.4.1 filelock-3.13.3 firebase-admin-6.5.0 gcloud-0.18.3 google-api-core-2.18.0 google-api-python-client-2.123.0 google-auth-2.29.0 google-auth-httplib2-0.2.0 google-cloud-core-2.4.1 google-cloud-firestore-2.15.0 google-cloud-storage-2.16.0 google-crc32c-1.5.0 google-resumable-media-2.7.0 googleapis-common-protos-1.63.0 greenlet-3.0.3 grpcio-1.62.1 grpcio-status-1.62.1 h11-0.14.0 httpcore-1.0.4 httplib2-0.22.0 httptools-0.6.1 httpx-0.27.0 idna-3.6 immutabledict-4.2.0 itsdangerous-2.1.2 jwcrypto-1.5.6 motor-2.5.1 msgpack-1.0.8 numpy-1.26.4 oauth2client-4.1.3 orjson-3.9.15 ortools-9.9.3963 pandas-2.2.1 passlib-1.7.4 proto-plus-1.23.0 protobuf-4.25.3 psycopg2-binary-2.9.9 py3-validate-email-1.0.5.post1 pyasn1-0.5.1 pyasn1-modules-0.3.0 pycparser-2.21 pycryptodome-3.20.0 pydantic-2.6.4 pydantic-extra-types-2.6.0 pydantic-settings-2.2.1 pydantic_core-2.16.3 pymongo-3.13.0 pyparsing-3.1.2 python-dateutil-2.9.0.post0 python-dotenv-1.0.1 python-jose-3.3.0 python-jwt-4.1.0 python-multipart-0.0.9 pytz-2024.1 requests-2.29.0 requests-toolbelt-0.10.1 rfc3986-1.5.0 rsa-4.9 six-1.16.0 sniffio-1.3.1 starlette-0.36.3 typing_extensions-4.10.0 tzdata-2024.1 ujson-5.9.0 uritemplate-4.1.1 urllib3-1.26.18 uvicorn-0.29.0 watchfiles-0.21.0 websockets-12.0
#9 101.5 WARNING: Running pip as the 'root' user can result in broken permissions and conflicting behaviour with the system package manager. It is recommended to use a virtual environment instead: https://pip.pypa.io/warnings/venv
#9 101.7 
#9 101.7 [notice] A new release of pip is available: 23.2.1 -> 24.0
#9 101.7 [notice] To update, run: pip install --upgrade pip
#9 DONE 102.9s

#10 [5/5] COPY . .
#10 DONE 0.0s

#11 exporting to image
#11 exporting layers
#11 exporting layers 1.9s done
#11 writing image sha256:8b5aa001103cdcc789f13e6d9647f1be5f8aa76c05263813c22c93dbfc73fb01
#11 writing image sha256:8b5aa001103cdcc789f13e6d9647f1be5f8aa76c05263813c22c93dbfc73fb01 done
#11 DONE 1.9s

View build details: docker-desktop://dashboard/build/desktop-linux/desktop-linux/pnzv39j6weptlyvm5qpw84asv

What's Next?
  View a summary of image vulnerabilities and recommendations → docker scout quickview
